C:\USERS\SARAH\DESKTOP\UNI\MOBILE APPLICATIONS\WAF\COCOS2D-X-2.2.5\PROJECTS\WAF\PROJ.WIN32\DEBUG.WIN32\APPDELEGATE.OBJ
C:\USERS\SARAH\DESKTOP\UNI\MOBILE APPLICATIONS\WAF\COCOS2D-X-2.2.5\PROJECTS\WAF\PROJ.WIN32\DEBUG.WIN32\HELLOWORLDSCENE.OBJ
C:\USERS\SARAH\DESKTOP\UNI\MOBILE APPLICATIONS\WAF\COCOS2D-X-2.2.5\PROJECTS\WAF\PROJ.WIN32\DEBUG.WIN32\MAIN.OBJ
C:\USERS\SARAH\DESKTOP\UNI\MOBILE APPLICATIONS\WAF\COCOS2D-X-2.2.5\PROJECTS\WAF\PROJ.WIN32\DEBUG.WIN32\VC110.PDB
C:\Users\Sarah\Desktop\UNI\Mobile Applications\WAF\cocos2d-x-2.2.5\projects\WAF\proj.win32\Debug.win32\AppDelegate.obj
C:\Users\Sarah\Desktop\UNI\Mobile Applications\WAF\cocos2d-x-2.2.5\projects\WAF\proj.win32\Debug.win32\HelloWorldScene.obj
C:\Users\Sarah\Desktop\UNI\Mobile Applications\WAF\cocos2d-x-2.2.5\projects\WAF\proj.win32\Debug.win32\main.obj
C:\Users\Sarah\Desktop\UNI\Mobile Applications\WAF\cocos2d-x-2.2.5\projects\WAF\proj.win32\Debug.win32\libExtensions.ilk
C:\Users\Sarah\Desktop\UNI\Mobile Applications\WAF\cocos2d-x-2.2.5\projects\WAF\proj.win32\Debug.win32\cl.command.1.tlog
C:\Users\Sarah\Desktop\UNI\Mobile Applications\WAF\cocos2d-x-2.2.5\projects\WAF\proj.win32\Debug.win32\CL.read.1.tlog
C:\Users\Sarah\Desktop\UNI\Mobile Applications\WAF\cocos2d-x-2.2.5\projects\WAF\proj.win32\Debug.win32\CL.write.1.tlog
C:\Users\Sarah\Desktop\UNI\Mobile Applications\WAF\cocos2d-x-2.2.5\projects\WAF\proj.win32\Debug.win32\link.command.1.tlog
C:\Users\Sarah\Desktop\UNI\Mobile Applications\WAF\cocos2d-x-2.2.5\projects\WAF\proj.win32\Debug.win32\link.read.1.tlog
C:\Users\Sarah\Desktop\UNI\Mobile Applications\WAF\cocos2d-x-2.2.5\projects\WAF\proj.win32\Debug.win32\link.write.1.tlog
C:\Users\Sarah\Desktop\UNI\Mobile Applications\WAF\cocos2d-x-2.2.5\projects\WAF\proj.win32\Debug.win32\libcocos2d.exp
C:\Users\Sarah\Desktop\UNI\Mobile Applications\WAF\cocos2d-x-2.2.5\projects\WAF\proj.win32\Debug.win32\libCocosDenshion.exp
C:\Users\Sarah\Desktop\UNI\Mobile Applications\WAF\cocos2d-x-2.2.5\projects\WAF\proj.win32\Debug.win32\libExtensions.exp
C:\Users\Sarah\Desktop\UNI\Mobile Applications\WAF\cocos2d-x-2.2.5\projects\WAF\proj.win32\Debug.win32\vc110.idb
C:\Users\Sarah\Desktop\UNI\Mobile Applications\WAF\cocos2d-x-2.2.5\projects\WAF\proj.win32\Debug.win32\libcocos2d.pdb
C:\Users\Sarah\Desktop\UNI\Mobile Applications\WAF\cocos2d-x-2.2.5\projects\WAF\proj.win32\Debug.win32\libCocosDenshion.pdb
C:\Users\Sarah\Desktop\UNI\Mobile Applications\WAF\cocos2d-x-2.2.5\projects\WAF\proj.win32\Debug.win32\libExtensions.pdb
C:\Users\Sarah\Desktop\UNI\Mobile Applications\WAF\cocos2d-x-2.2.5\projects\WAF\proj.win32\Debug.win32\vc110.pdb
